# JRE version: OpenJDK Runtime Environment 18.9 (11.0.12+7) (build 11.0.12+7)
# Java VM: OpenJDK 64-Bit Server VM 18.9 (11.0.12+7, mixed mode, sharing, tiered, compressed oops, g1 gc, linux-amd64)
Heap:
 garbage-first heap   total 206848K, used 71063K [0x00000000c0000000, 0x0000000100000000)
  region size 1024K, 42 young (43008K), 5 survivors (5120K)
 Metaspace       used 15582K, capacity 16761K, committed 17024K, reserved 1062912K
  class space    used 2347K, capacity 2642K, committed 2688K, reserved 1048576K
GC Heap History (6 events):
Event: 1.635 GC heap before
{Heap before GC invocations=0 (full 0):
 garbage-first heap   total 206848K, used 24216K [0x00000000c0000000, 0x0000000100000000)
  region size 1024K, 14 young (14336K), 0 survivors (0K)
 Metaspace       used 571K, capacity 4614K, committed 4864K, reserved 1056768K
  class space    used 21K, capacity 386K, committed 512K, reserved 1048576K
}
Event: 1.718 GC heap after
{Heap after GC invocations=1 (full 0):
 garbage-first heap   total 206848K, used 21948K [0x00000000c0000000, 0x0000000100000000)
  region size 1024K, 2 young (2048K), 2 survivors (2048K)
 Metaspace       used 571K, capacity 4614K, committed 4864K, reserved 1056768K
  class space    used 21K, capacity 386K, committed 512K, reserved 1048576K
}
Event: 2.218 GC heap before
{Heap before GC invocations=1 (full 0):
 garbage-first heap   total 206848K, used 29116K [0x00000000c0000000, 0x0000000100000000)
  region size 1024K, 10 young (10240K), 2 survivors (2048K)
 Metaspace       used 1648K, capacity 5580K, committed 5888K, reserved 1056768K
  class space    used 74K, capacity 456K, committed 512K, reserved 1048576K
}
Event: 2.241 GC heap after
{Heap after GC invocations=2 (full 0):
 garbage-first heap   total 206848K, used 23178K [0x00000000c0000000, 0x0000000100000000)
  region size 1024K, 2 young (2048K), 2 survivors (2048K)
 Metaspace       used 1648K, capacity 5580K, committed 5888K, reserved 1056768K
  class space    used 74K, capacity 456K, committed 512K, reserved 1048576K
}
Event: 5.586 GC heap before
{Heap before GC invocations=2 (full 0):
 garbage-first heap   total 206848K, used 64138K [0x00000000c0000000, 0x0000000100000000)
  region size 1024K, 36 young (36864K), 2 survivors (2048K)
 Metaspace       used 8798K, capacity 11130K, committed 11264K, reserved 1058816K
  class space    used 1262K, capacity 1519K, committed 1536K, reserved 1048576K
}
Event: 5.614 GC heap after
{Heap after GC invocations=3 (full 0):
 garbage-first heap   total 206848K, used 34199K [0x00000000c0000000, 0x0000000100000000)
  region size 1024K, 5 young (5120K), 5 survivors (5120K)
 Metaspace       used 8798K, capacity 11130K, committed 11264K, reserved 1058816K
  class space    used 1262K, capacity 1519K, committed 1536K, reserved 1048576K
}

